2025-06-08 01:55:27 [background-preinit] INFO  org.hibernate.validator.internal.util.Version - HV000001: Hibernate Validator 8.0.2.Final
2025-06-08 01:55:27 [main] INFO  org.springframework.boot.docker.compose.lifecycle.DockerComposeLifecycleManager - Using Docker Compose file /Users/sakur35a/module-boot-mvp/docker-compose.yml
2025-06-08 01:55:27 [main] INFO  org.springframework.boot.docker.compose.lifecycle.DockerComposeLifecycleManager - There are already Docker Compose services running, skipping startup
2025-06-08 01:55:28 [main] INFO  org.springframework.data.repository.config.RepositoryConfigurationDelegate - Multiple Spring Data modules found, entering strict repository configuration mode
2025-06-08 01:55:28 [main] INFO  org.springframework.data.repository.config.RepositoryConfigurationDelegate - Bootstrapping Spring Data JPA repositories in DEFAULT mode.
2025-06-08 01:55:28 [main] INFO  org.springframework.data.repository.config.RepositoryConfigurationDelegate - Finished Spring Data repository scanning in 83 ms. Found 3 JPA repository interfaces.
2025-06-08 01:55:28 [main] INFO  org.springframework.data.repository.config.RepositoryConfigurationDelegate - Multiple Spring Data modules found, entering strict repository configuration mode
2025-06-08 01:55:28 [main] INFO  org.springframework.data.repository.config.RepositoryConfigurationDelegate - Bootstrapping Spring Data Redis repositories in DEFAULT mode.
2025-06-08 01:55:28 [main] INFO  org.springframework.data.repository.config.RepositoryConfigurationDelegate - Finished Spring Data repository scanning in 0 ms. Found 0 Redis repository interfaces.
2025-06-08 01:55:28 [main] INFO  org.springframework.data.repository.config.RepositoryConfigurationDelegate - Multiple Spring Data modules found, entering strict repository configuration mode
2025-06-08 01:55:28 [main] INFO  org.springframework.data.repository.config.RepositoryConfigurationDelegate - Bootstrapping Spring Data JDBC repositories in DEFAULT mode.
2025-06-08 01:55:28 [main] INFO  org.springframework.data.repository.config.RepositoryConfigurationDelegate - Finished Spring Data repository scanning in 1 ms. Found 0 JDBC repository interfaces.
2025-06-08 01:55:28 [main] INFO  org.springframework.data.repository.config.RepositoryConfigurationDelegate - Multiple Spring Data modules found, entering strict repository configuration mode
2025-06-08 01:55:28 [main] INFO  org.springframework.data.repository.config.RepositoryConfigurationDelegate - Bootstrapping Spring Data Redis repositories in DEFAULT mode.
2025-06-08 01:55:28 [main] INFO  org.springframework.data.repository.config.RepositoryConfigurationDelegate - Finished Spring Data repository scanning in 0 ms. Found 0 Redis repository interfaces.
2025-06-08 01:55:29 [main] INFO  org.springframework.boot.web.embedded.tomcat.TomcatWebServer - Tomcat initialized with port 8080 (http)
2025-06-08 01:55:29 [main] INFO  org.apache.coyote.http11.Http11NioProtocol - Initializing ProtocolHandler ["http-nio-8080"]
2025-06-08 01:55:29 [main] INFO  org.apache.catalina.core.StandardService - Starting service [Tomcat]
2025-06-08 01:55:29 [main] INFO  org.apache.catalina.core.StandardEngine - Starting Servlet engine: [Apache Tomcat/10.1.40]
2025-06-08 01:55:29 [main] INFO  org.apache.catalina.core.ContainerBase.[Tomcat].[localhost].[/] - Initializing Spring embedded WebApplicationContext
2025-06-08 01:55:29 [main] INFO  org.springframework.boot.web.servlet.context.ServletWebServerApplicationContext - Root WebApplicationContext: initialization completed in 1321 ms
2025-06-08 01:55:29 [main] INFO  org.hibernate.jpa.internal.util.LogHelper - HHH000204: Processing PersistenceUnitInfo [name: default]
2025-06-08 01:55:29 [main] INFO  org.hibernate.Version - HHH000412: Hibernate ORM core version 6.6.13.Final
2025-06-08 01:55:29 [main] INFO  org.hibernate.cache.internal.RegionFactoryInitiator - HHH000026: Second-level cache disabled
2025-06-08 01:55:30 [main] INFO  org.springframework.orm.jpa.persistenceunit.SpringPersistenceUnitInfo - No LoadTimeWeaver setup: ignoring JPA class transformer
2025-06-08 01:55:30 [main] INFO  com.zaxxer.hikari.HikariDataSource - SideProjectHikariCP - Starting...
2025-06-08 01:55:30 [main] INFO  com.zaxxer.hikari.pool.HikariPool - SideProjectHikariCP - Added connection com.mysql.cj.jdbc.ConnectionImpl@59ac60d1
2025-06-08 01:55:30 [main] INFO  com.zaxxer.hikari.HikariDataSource - SideProjectHikariCP - Start completed.
2025-06-08 01:55:30 [main] INFO  org.hibernate.orm.connections.pooling - HHH10001005: Database info:
	Database JDBC URL [Connecting through datasource 'HikariDataSource (SideProjectHikariCP)']
	Database driver: undefined/unknown
	Database version: 9.1
	Autocommit mode: undefined/unknown
	Isolation level: undefined/unknown
	Minimum pool size: undefined/unknown
	Maximum pool size: undefined/unknown
2025-06-08 01:55:30 [main] INFO  org.hibernate.engine.transaction.jta.platform.internal.JtaPlatformInitiator - HHH000489: No JTA platform available (set 'hibernate.transaction.jta.platform' to enable JTA platform integration)
2025-06-08 01:55:30 [main] INFO  org.springframework.orm.jpa.LocalContainerEntityManagerFactoryBean - Initialized JPA EntityManagerFactory for persistence unit 'default'
2025-06-08 01:55:32 [main] INFO  org.springframework.boot.actuate.endpoint.web.EndpointLinksResolver - Exposing 4 endpoints beneath base path '/actuator'
2025-06-08 01:55:33 [main] INFO  org.springframework.messaging.simp.broker.SimpleBrokerMessageHandler - Starting...
2025-06-08 01:55:33 [main] INFO  org.springframework.messaging.simp.broker.SimpleBrokerMessageHandler - BrokerAvailabilityEvent[available=true, SimpleBrokerMessageHandler [org.springframework.messaging.simp.broker.DefaultSubscriptionRegistry@be706e2]]
2025-06-08 01:55:33 [main] INFO  org.springframework.messaging.simp.broker.SimpleBrokerMessageHandler - Started.
2025-06-08 01:55:33 [main] INFO  org.apache.coyote.http11.Http11NioProtocol - Starting ProtocolHandler ["http-nio-8080"]
2025-06-08 01:55:33 [main] INFO  org.springframework.boot.web.embedded.tomcat.TomcatWebServer - Tomcat started on port 8080 (http) with context path '/'
2025-06-08 01:56:33 [MessageBroker-1] INFO  org.springframework.web.socket.config.WebSocketMessageBrokerStats - WebSocketSession[0 current WS(0)-HttpStream(0)-HttpPoll(0), 0 total, 0 closed abnormally (0 connect failure, 0 send limit, 0 transport error)], stompSubProtocol[processed CONNECT(0)-CONNECTED(0)-DISCONNECT(0)], stompBrokerRelay[null], inboundChannel[pool size = 0, active threads = 0, queued tasks = 0, completed tasks = 0], outboundChannel[pool size = 0, active threads = 0, queued tasks = 0, completed tasks = 0], sockJsScheduler[pool size = 1, active threads = 1, queued tasks = 0, completed tasks = 0]
2025-06-08 02:15:03 [http-nio-8080-exec-1] INFO  org.apache.catalina.core.ContainerBase.[Tomcat].[localhost].[/] - Initializing Spring DispatcherServlet 'dispatcherServlet'
2025-06-08 02:15:03 [http-nio-8080-exec-1] INFO  org.springframework.web.servlet.DispatcherServlet - Initializing Servlet 'dispatcherServlet'
2025-06-08 02:15:04 [http-nio-8080-exec-1] INFO  org.springframework.web.servlet.DispatcherServlet - Completed initialization in 7 ms
2025-06-08 02:15:04 [http-nio-8080-exec-4] INFO  org.jooq.Constants - 
                                      
@@@@@@@@@@@@@@@@@@@@@@@@@@@@@@@@@@@@@@
@@@@@@@@@@@@@@@@@@@@@@@@@@@@@@@@@@@@@@
@@@@@@@@@@@@@@@@  @@        @@@@@@@@@@
@@@@@@@@@@@@@@@@@@@@        @@@@@@@@@@
@@@@@@@@@@@@@@@@  @@  @@    @@@@@@@@@@
@@@@@@@@@@  @@@@  @@  @@    @@@@@@@@@@
@@@@@@@@@@        @@        @@@@@@@@@@
@@@@@@@@@@@@@@@@@@@@@@@@@@@@@@@@@@@@@@
@@@@@@@@@@@@@@@@@@@@@@@@@@@@@@@@@@@@@@
@@@@@@@@@@        @@        @@@@@@@@@@
@@@@@@@@@@    @@  @@  @@@@  @@@@@@@@@@
@@@@@@@@@@    @@  @@  @@@@  @@@@@@@@@@
@@@@@@@@@@        @@  @  @  @@@@@@@@@@
@@@@@@@@@@        @@        @@@@@@@@@@
@@@@@@@@@@@@@@@@@@@@@@@  @@@@@@@@@@@@@
@@@@@@@@@@@@@@@@@@@@@@@@@@@@@@@@@@@@@@
@@@@@@@@@@@@@@@@@@@@@@@@@@@@@@@@@@@@@@  Thank you for using jOOQ 3.19.22 (Build date: 2025-04-02T12:42:59Z)
                                      
2025-06-08 02:15:04 [http-nio-8080-exec-4] INFO  org.jooq.Constants - 

jOOQ tip of the day: Views (and table valued functions) are the most underrated SQL feature! They work very well together with jOOQ and jOOQ's code generator! https://www.jooq.org/doc/latest/manual/code-generation/codegen-advanced/codegen-config-database/codegen-database-table-valued-functions/

2025-06-08 02:15:04 [http-nio-8080-exec-4] INFO  org.jooq.impl.DefaultExecuteContext.logVersionSupport - Version                  : Database version is supported by dialect MYSQL: 9.1.0
2025-06-08 02:26:33 [MessageBroker-1] INFO  org.springframework.web.socket.config.WebSocketMessageBrokerStats - WebSocketSession[0 current WS(0)-HttpStream(0)-HttpPoll(0), 0 total, 0 closed abnormally (0 connect failure, 0 send limit, 0 transport error)], stompSubProtocol[processed CONNECT(0)-CONNECTED(0)-DISCONNECT(0)], stompBrokerRelay[null], inboundChannel[pool size = 0, active threads = 0, queued tasks = 0, completed tasks = 0], outboundChannel[pool size = 0, active threads = 0, queued tasks = 0, completed tasks = 0], sockJsScheduler[pool size = 2, active threads = 1, queued tasks = 0, completed tasks = 1]
2025-06-08 02:33:58 [SideProjectHikariCP housekeeper] WARN  com.zaxxer.hikari.pool.HikariPool - SideProjectHikariCP - Thread starvation or clock leap detected (housekeeper delta=58s110ms).
2025-06-08 02:51:33 [SideProjectHikariCP housekeeper] WARN  com.zaxxer.hikari.pool.HikariPool - SideProjectHikariCP - Thread starvation or clock leap detected (housekeeper delta=17m4s901ms).
2025-06-08 03:07:21 [SideProjectHikariCP housekeeper] WARN  com.zaxxer.hikari.pool.HikariPool - SideProjectHikariCP - Thread starvation or clock leap detected (housekeeper delta=15m47s650ms).
2025-06-08 03:24:37 [SideProjectHikariCP housekeeper] WARN  com.zaxxer.hikari.pool.HikariPool - SideProjectHikariCP - Thread starvation or clock leap detected (housekeeper delta=16m46s328ms).
2025-06-08 03:42:22 [SideProjectHikariCP housekeeper] WARN  com.zaxxer.hikari.pool.HikariPool - SideProjectHikariCP - Thread starvation or clock leap detected (housekeeper delta=17m15s224ms).
2025-06-08 03:58:59 [SideProjectHikariCP housekeeper] WARN  com.zaxxer.hikari.pool.HikariPool - SideProjectHikariCP - Thread starvation or clock leap detected (housekeeper delta=16m6s465ms).
2025-06-08 04:15:06 [SideProjectHikariCP housekeeper] WARN  com.zaxxer.hikari.pool.HikariPool - SideProjectHikariCP - Thread starvation or clock leap detected (housekeeper delta=15m37s408ms).
2025-06-08 04:31:05 [SideProjectHikariCP housekeeper] WARN  com.zaxxer.hikari.pool.HikariPool - SideProjectHikariCP - Thread starvation or clock leap detected (housekeeper delta=15m58s453ms).
2025-06-08 04:34:31 [SideProjectHikariCP housekeeper] WARN  com.zaxxer.hikari.pool.HikariPool - SideProjectHikariCP - Thread starvation or clock leap detected (housekeeper delta=2m55s822ms).
2025-06-08 04:49:59 [SideProjectHikariCP housekeeper] WARN  com.zaxxer.hikari.pool.HikariPool - SideProjectHikariCP - Thread starvation or clock leap detected (housekeeper delta=15m28s808ms).
2025-06-08 05:08:07 [SideProjectHikariCP housekeeper] WARN  com.zaxxer.hikari.pool.HikariPool - SideProjectHikariCP - Thread starvation or clock leap detected (housekeeper delta=17m7s151ms).
2025-06-08 05:24:23 [SideProjectHikariCP housekeeper] WARN  com.zaxxer.hikari.pool.HikariPool - SideProjectHikariCP - Thread starvation or clock leap detected (housekeeper delta=16m16s657ms).
2025-06-08 05:41:10 [SideProjectHikariCP housekeeper] WARN  com.zaxxer.hikari.pool.HikariPool - SideProjectHikariCP - Thread starvation or clock leap detected (housekeeper delta=16m16s555ms).
2025-06-08 05:58:19 [SideProjectHikariCP housekeeper] WARN  com.zaxxer.hikari.pool.HikariPool - SideProjectHikariCP - Thread starvation or clock leap detected (housekeeper delta=15m39s312ms).
2025-06-08 06:14:05 [SideProjectHikariCP housekeeper] WARN  com.zaxxer.hikari.pool.HikariPool - SideProjectHikariCP - Thread starvation or clock leap detected (housekeeper delta=15m45s704ms).
2025-06-08 06:31:15 [SideProjectHikariCP housekeeper] WARN  com.zaxxer.hikari.pool.HikariPool - SideProjectHikariCP - Thread starvation or clock leap detected (housekeeper delta=16m40s653ms).
2025-06-08 06:48:18 [SideProjectHikariCP housekeeper] WARN  com.zaxxer.hikari.pool.HikariPool - SideProjectHikariCP - Thread starvation or clock leap detected (housekeeper delta=17m2s530ms).
2025-06-08 07:05:31 [SideProjectHikariCP housekeeper] WARN  com.zaxxer.hikari.pool.HikariPool - SideProjectHikariCP - Thread starvation or clock leap detected (housekeeper delta=15m42s982ms).
2025-06-08 07:22:52 [SideProjectHikariCP housekeeper] WARN  com.zaxxer.hikari.pool.HikariPool - SideProjectHikariCP - Thread starvation or clock leap detected (housekeeper delta=16m50s514ms).
2025-06-08 07:38:27 [SideProjectHikariCP housekeeper] WARN  com.zaxxer.hikari.pool.HikariPool - SideProjectHikariCP - Thread starvation or clock leap detected (housekeeper delta=15m35s561ms).
2025-06-08 07:57:21 [SideProjectHikariCP housekeeper] WARN  com.zaxxer.hikari.pool.HikariPool - SideProjectHikariCP - Thread starvation or clock leap detected (housekeeper delta=18m23s502ms).
2025-06-08 08:08:11 [SideProjectHikariCP housekeeper] WARN  com.zaxxer.hikari.pool.HikariPool - SideProjectHikariCP - Thread starvation or clock leap detected (housekeeper delta=10m50s305ms).
2025-06-08 08:11:43 [MessageBroker-2] INFO  org.springframework.web.socket.config.WebSocketMessageBrokerStats - WebSocketSession[0 current WS(0)-HttpStream(0)-HttpPoll(0), 0 total, 0 closed abnormally (0 connect failure, 0 send limit, 0 transport error)], stompSubProtocol[processed CONNECT(0)-CONNECTED(0)-DISCONNECT(0)], stompBrokerRelay[null], inboundChannel[pool size = 0, active threads = 0, queued tasks = 0, completed tasks = 0], outboundChannel[pool size = 0, active threads = 0, queued tasks = 0, completed tasks = 0], sockJsScheduler[pool size = 3, active threads = 1, queued tasks = 0, completed tasks = 2]
2025-06-08 08:25:41 [SideProjectHikariCP housekeeper] WARN  com.zaxxer.hikari.pool.HikariPool - SideProjectHikariCP - Thread starvation or clock leap detected (housekeeper delta=12m29s951ms).
2025-06-08 08:44:28 [SideProjectHikariCP housekeeper] WARN  com.zaxxer.hikari.pool.HikariPool - SideProjectHikariCP - Thread starvation or clock leap detected (housekeeper delta=17m46s825ms).
2025-06-08 09:01:00 [SideProjectHikariCP housekeeper] WARN  com.zaxxer.hikari.pool.HikariPool - SideProjectHikariCP - Thread starvation or clock leap detected (housekeeper delta=16m2s427ms).
2025-06-08 09:15:31 [SideProjectHikariCP housekeeper] WARN  com.zaxxer.hikari.pool.HikariPool - SideProjectHikariCP - Thread starvation or clock leap detected (housekeeper delta=14m30s401ms).
2025-06-08 09:42:30 [SideProjectHikariCP housekeeper] WARN  com.zaxxer.hikari.pool.HikariPool - SideProjectHikariCP - Thread starvation or clock leap detected (housekeeper delta=15m58s766ms).
2025-06-08 09:58:35 [SideProjectHikariCP housekeeper] WARN  com.zaxxer.hikari.pool.HikariPool - SideProjectHikariCP - Thread starvation or clock leap detected (housekeeper delta=15m35s229ms).
2025-06-08 10:09:35 [SideProjectHikariCP housekeeper] WARN  com.zaxxer.hikari.pool.HikariPool - SideProjectHikariCP - Thread starvation or clock leap detected (housekeeper delta=10m59s745ms).
2025-06-08 10:21:36 [MessageBroker-1] INFO  org.springframework.web.socket.config.WebSocketMessageBrokerStats - WebSocketSession[0 current WS(0)-HttpStream(0)-HttpPoll(0), 0 total, 0 closed abnormally (0 connect failure, 0 send limit, 0 transport error)], stompSubProtocol[processed CONNECT(0)-CONNECTED(0)-DISCONNECT(0)], stompBrokerRelay[null], inboundChannel[pool size = 0, active threads = 0, queued tasks = 0, completed tasks = 0], outboundChannel[pool size = 0, active threads = 0, queued tasks = 0, completed tasks = 0], sockJsScheduler[pool size = 4, active threads = 1, queued tasks = 0, completed tasks = 3]
2025-06-08 10:51:36 [MessageBroker-3] INFO  org.springframework.web.socket.config.WebSocketMessageBrokerStats - WebSocketSession[0 current WS(0)-HttpStream(0)-HttpPoll(0), 0 total, 0 closed abnormally (0 connect failure, 0 send limit, 0 transport error)], stompSubProtocol[processed CONNECT(0)-CONNECTED(0)-DISCONNECT(0)], stompBrokerRelay[null], inboundChannel[pool size = 0, active threads = 0, queued tasks = 0, completed tasks = 0], outboundChannel[pool size = 0, active threads = 0, queued tasks = 0, completed tasks = 0], sockJsScheduler[pool size = 5, active threads = 1, queued tasks = 0, completed tasks = 4]
2025-06-08 11:25:42 [SideProjectHikariCP housekeeper] WARN  com.zaxxer.hikari.pool.HikariPool - SideProjectHikariCP - Thread starvation or clock leap detected (housekeeper delta=16m6s973ms).
2025-06-08 11:42:49 [SideProjectHikariCP housekeeper] WARN  com.zaxxer.hikari.pool.HikariPool - SideProjectHikariCP - Thread starvation or clock leap detected (housekeeper delta=16m36s575ms).
2025-06-08 11:59:16 [SideProjectHikariCP housekeeper] WARN  com.zaxxer.hikari.pool.HikariPool - SideProjectHikariCP - Thread starvation or clock leap detected (housekeeper delta=15m56s678ms).
2025-06-08 12:07:52 [SideProjectHikariCP housekeeper] WARN  com.zaxxer.hikari.pool.HikariPool - SideProjectHikariCP - Thread starvation or clock leap detected (housekeeper delta=8m6s638ms).
2025-06-08 12:23:37 [SideProjectHikariCP housekeeper] WARN  com.zaxxer.hikari.pool.HikariPool - SideProjectHikariCP - Thread starvation or clock leap detected (housekeeper delta=15m44s591ms).
2025-06-08 12:27:00 [SideProjectHikariCP housekeeper] WARN  com.zaxxer.hikari.pool.HikariPool - SideProjectHikariCP - Thread starvation or clock leap detected (housekeeper delta=2m52s787ms).
2025-06-08 12:44:44 [SideProjectHikariCP housekeeper] WARN  com.zaxxer.hikari.pool.HikariPool - SideProjectHikariCP - Thread starvation or clock leap detected (housekeeper delta=17m44s424ms).
2025-06-08 13:02:13 [SideProjectHikariCP housekeeper] WARN  com.zaxxer.hikari.pool.HikariPool - SideProjectHikariCP - Thread starvation or clock leap detected (housekeeper delta=16m29s109ms).
2025-06-08 13:17:38 [SideProjectHikariCP housekeeper] WARN  com.zaxxer.hikari.pool.HikariPool - SideProjectHikariCP - Thread starvation or clock leap detected (housekeeper delta=15m24s862ms).
2025-06-08 13:33:39 [SideProjectHikariCP housekeeper] WARN  com.zaxxer.hikari.pool.HikariPool - SideProjectHikariCP - Thread starvation or clock leap detected (housekeeper delta=15m31s195ms).
2025-06-08 13:49:16 [SideProjectHikariCP housekeeper] WARN  com.zaxxer.hikari.pool.HikariPool - SideProjectHikariCP - Thread starvation or clock leap detected (housekeeper delta=15m36s621ms).
2025-06-08 14:08:07 [SideProjectHikariCP housekeeper] WARN  com.zaxxer.hikari.pool.HikariPool - SideProjectHikariCP - Thread starvation or clock leap detected (housekeeper delta=17m50s548ms).
2025-06-08 14:17:15 [SideProjectHikariCP housekeeper] WARN  com.zaxxer.hikari.pool.HikariPool - SideProjectHikariCP - Thread starvation or clock leap detected (housekeeper delta=9m8s50ms).
2025-06-08 14:18:15 [MessageBroker-2] INFO  org.springframework.web.socket.config.WebSocketMessageBrokerStats - WebSocketSession[0 current WS(0)-HttpStream(0)-HttpPoll(0), 0 total, 0 closed abnormally (0 connect failure, 0 send limit, 0 transport error)], stompSubProtocol[processed CONNECT(0)-CONNECTED(0)-DISCONNECT(0)], stompBrokerRelay[null], inboundChannel[pool size = 0, active threads = 0, queued tasks = 0, completed tasks = 0], outboundChannel[pool size = 0, active threads = 0, queued tasks = 0, completed tasks = 0], sockJsScheduler[pool size = 6, active threads = 1, queued tasks = 0, completed tasks = 5]
2025-06-08 14:20:55 [SpringApplicationShutdownHook] INFO  org.springframework.boot.web.embedded.tomcat.GracefulShutdown - Commencing graceful shutdown. Waiting for active requests to complete
2025-06-08 14:20:55 [tomcat-shutdown] INFO  org.springframework.boot.web.embedded.tomcat.GracefulShutdown - Graceful shutdown complete
2025-06-08 14:20:55 [SpringApplicationShutdownHook] INFO  org.springframework.messaging.simp.broker.SimpleBrokerMessageHandler - Stopping...
2025-06-08 14:20:55 [SpringApplicationShutdownHook] INFO  org.springframework.messaging.simp.broker.SimpleBrokerMessageHandler - BrokerAvailabilityEvent[available=false, SimpleBrokerMessageHandler [org.springframework.messaging.simp.broker.DefaultSubscriptionRegistry@be706e2]]
2025-06-08 14:20:55 [SpringApplicationShutdownHook] INFO  org.springframework.messaging.simp.broker.SimpleBrokerMessageHandler - Stopped.
2025-06-08 14:20:55 [SpringApplicationShutdownHook] INFO  org.springframework.orm.jpa.LocalContainerEntityManagerFactoryBean - Closing JPA EntityManagerFactory for persistence unit 'default'
2025-06-08 14:20:55 [SpringApplicationShutdownHook] INFO  com.zaxxer.hikari.HikariDataSource - SideProjectHikariCP - Shutdown initiated...
2025-06-08 14:20:55 [SpringApplicationShutdownHook] INFO  com.zaxxer.hikari.HikariDataSource - SideProjectHikariCP - Shutdown completed.
